<?xml version="1.0" encoding="UTF-8"?>
<testsuite xmlns:xsi="http://www.w3.org/2001/XMLSchema-instance" xsi:noNamespaceSchemaLocation="https://maven.apache.org/surefire/maven-surefire-plugin/xsd/surefire-test-report-3.0.xsd" version="3.0" name="com.curso.selenium.PrimerTest" time="13.692" tests="1" errors="0" skipped="0" failures="0">
  <properties>
[...]
</properties>
  <testcase name="pruebaGoogle" classname="com.curso.selenium.PrimerTest" time="13.645">
    <system-out><![CDATA[Título de la página: Google
Screenshot guardado en: C:\Leonardo\Cursos\Automatizacion\curso-automatizacion-web\target\screenshots\google-home-1765040245207.png
]]></system-out>
    <system-err><![CDATA[dic. 06, 2025 11:57:14 A. M. org.openqa.selenium.devtools.CdpVersionFinder findNearestMatch
ADVERTENCIA: Unable to find CDP implementation matching 143
dic. 06, 2025 11:57:14 A. M. org.openqa.selenium.chromium.ChromiumDriver lambda$new$5
ADVERTENCIA: Unable to find version of CDP to use for 143.0.7499.41. You may need to include a dependency on a specific version of the CDP using something similar to `org.seleniumhq.selenium:selenium-devtools-v86:4.24.0` where the version ("v86") matches the version of the chromium-based browser you're using and the version number of the artifact is the same as Selenium's.
]]></system-err>
  </testcase>
</testsuite>